<?xml version="1.0" encoding="UTF-8"?>
<testsuite name="SeleniumTest" tests="1" skipped="0" failures="0" errors="0" timestamp="2020-01-09T13:25:49" hostname="admin1-desktop" time="16.332">
  <properties/>
  <testcase name="locatorExample" classname="SeleniumTest" time="16.332"/>
  <system-out><![CDATA[]]></system-out>
  <system-err><![CDATA[]]></system-err>
</testsuite>
